<?xml version="1.0" encoding="UTF-8"?>
<!-- Generated by org.testng.reporters.JUnitReportReporter -->
<testsuite hostname="Rohit" failures="0" tests="1" name="amazon.com.WebTest" time="7.028" errors="0" timestamp="2025-03-23T21:56:28 IST" skipped="0">
  <testcase classname="amazon.com.WebTest" name="lunchApplication" time="7.028"/>
  <system-out/>
</testsuite> <!-- amazon.com.WebTest -->
